MPASM  5.35beta                 TRICOLOR_V2_2.ASM   2-5-2010  15:46:17         PAGE  1


LOC  OBJECT CODE     LINE SOURCE TEXT
  VALUE

                      00001 ;*********************************************************************************************
                      00002 ; File: main.asm
                      00003 ; Description: main assembly file for tricolor lightsaber LED code
                      00004 ; Programmer: George Hadley
                      00005 ; Program History:
                      00006 ;          Date                 Ver                                     Description
                      00007 ;   10/20/2008          0.0             Initial program created
                      00008 ;       10/23/2008              0.0             I/O,RTI,ADC initializations developed, button debouncing
                             code created
                      00009 ;                                                       resolved #define error, toggle_color subroutine 
                            developed
                      00010 ;       10/25/2008              0.0             Button Toggle code debugged, read_color_port and is_edit
                            able routines
                      00011 ;                                                       developed
                      00012 ;       10/26/2008              1.0             is_editable code completed, wrote and debugged pwm outpu
                            t code, removed
                      00013 ;                                                       is_editable from code (for now)
                      00014 ;       11/06/2008              1.0             Worked on tricolor_v1 debug process
                      00015 ;       12/14/2008              1.1             Developed 2-button editability feature
                      00016 ;       12/16/2008              1.2             LED Flash Indicator feature added to indicate color is e
                            ditable
                      00017 ;       02/19/2009              1.3             Firmware updated to work with common cathode luxeon led
                      00018 ;       03/05/2009              2.0             Began work on lightsaber EEPROM memory access routines
                      00019 ;       03/06/09                2.0             EEPROM Memory access code completed, began work on saber
                             timeout code
                      00020 ;       03/08/09                2.0             tricolor_v2 code completed (not debugged)
                      00021 ;       03/12/09                2.0             configuration bits incorporated into code
                      00022 ;       06/02/09                2.1             Software power_on/power_off code created, editpb button 
                            debouncing
                      00023 ;                                                       error corrected
                      00024 ;       12/19/09                2.1             Code revisions incorporated for product sale at The Cust
                            om Saber Shop
                      00025 ;                                                       (switched to one button configuration)
                      00026 ;       2/05/10                 2.2             Indicator brightness corrected in code
                      00027 ;
                      00028 ; Notes:
                      00029 ;   1) color: A status register containing status flags for color control
                      00030 ;          Bit  Abbrev.                 Name                                            Description     
                            Bit Values
                      00031 ;           0    editable       Editable Flag                   Indicates if currently selected color is
                             editable by color adjuster                      (1:editable, 0:uneditable)
                      00032 ;           1    red_flag       Red Color Select                Indicates if red is currently selected  
                                                                             (1:selected, 0:unselected)
                      00033 ;           2    green_flag     Green Color Select              Indicates if green is currently selected
                                                                             (1:selected, 0:unselected)
                      00034 ;           3    blue_flag      Blue Color Select               Indicates if blue is currently selected 
                                                                             (1:selected, 0:unselected)
                      00035 ;           4    colorpb        Color Pushbutton Flag           Indicates if the color pushbutton flag i
                            s pressed                                        (1:was pressed, 0:was not pressed)
                      00036 ;           5    prevpb0        Previous Pushbutton Flag 0      Saves previous state of color select pus
                            hbutton (used to debounce color select button)   (1:was pressed, 0:was not pressed)
                      00037 ;           6    editpb         Color editable pushbutton       Indicates if edit pushbutton is pressed 
                                                                             (1:was pressed, 0:was not pressed)
MPASM  5.35beta                 TRICOLOR_V2_2.ASM   2-5-2010  15:46:17         PAGE  2


LOC  OBJECT CODE     LINE SOURCE TEXT
  VALUE

                      00038 ;           7    prevpb1        Previous Pushbutton Flag 1      Saves previous state of edit pushbutton 
                            (used for button debouncing)                     (1:was pressed, 0:was not pressed)
                      00039 ;       2) status0: Status register containing other status flags
                      00040 ;          Bit  Abbrev.                 Name                            Description                     
                                                    Bit Values
                      00041 ;           0   pwron           Power status bit        Indicates "on/off" state of system              
                                                (1: on, 0: off)
                      00042 ;           1   flash           Initiate flash bit      Indicates whether to flash indicator or not     
                                                (1:flash indicator, 0:don't flash)
                      00043 ;           2   inactive        Lightsaber inactivity   Indicates if no activity has occurred since prev
                            ious start loop     (1:inactive, 0:active)
                      00044 ;           3   onesec          1-second flag           Indicates 1 second has passed                   
                                                (1:second passed, 0:second not passed)
                      00045 ;       
                      00046 ;       3) Program I/O pins:
                      00047 ;          Pin        Abbrev                    Name                            Description
                      00048 ;         02(AN0)  color_adjust         Color Adjuster Pin              Color adjuster slider pin
                      00049 ;         13(RC2)  color_select         Color Selector Pin              Color selecter pushbutton pin
                      00050 ;         14(RC3)  edit_select          Edit Selector Pin               Color edit select pushbutton
                      00051 ;         21(RB0)  blue_pwm             Blue PWM Output Pin             PWM output for Blue LEDs
                      00052 ;         22(RB1)  green_pwm            Green PWM Output Pin            PWM output for Green LEDs
                      00053 ;         23(RB2)  red_pwm              Red PWM Output Pin              PWM output for Red LEDs
                      00054 ;         24(RB3)  blue_indicate        Blue LED indicator              Output for blue led status indic
                            ator
                      00055 ;         25(RB4)  green_indicate       Green LED indicator             Output for green led status indi
                            cator
                      00056 ;         26(RB5)  red_indicate         Red LED indicator               Output for red led status indica
                            tor
                      00057 ;
                      00058 ;       4) Interrupt Rate: 8.192ms
                      00059 ;
                      00060 ;       5) If there exists a chance that pins have "funky" voltages (diodes, transistors w/o resistors, 
                            etc), use latch pins instead of port pins
                      00061 ;
                      00062 ; To-Do List:
                      00063 ;   1) Add auto shutdown feature after certain period of inactivity has passed
                      00064 ;   2) Write up code to save final state of blade before power off and re-enable upon power-up
                      00065 ;*********************************************************************************************
                      00066         #INCLUDE<P18F2221.INC>
                      00001         LIST
                      00002 
                      00003 ;==========================================================================
                      00004 ;  MPASM PIC18F2221 processor include
                      00005 ; 
                      00006 ;  (c) Copyright 1999-2009 Microchip Technology, All rights reserved
                      00007 ;==========================================================================
                      00008 
                      01173         LIST
Warning[215]: Processor superseded by command line.  Verify processor symbol.
                      00067         LIST P = P18F2221, R = DEC
                      00068         ;set configuration bits
                      00069         CONFIG WDT=OFF,LVP=OFF,OSC=INTIO2,BOR=OFF,CP0=OFF,CP1=OFF,CPB=OFF,CPD=OFF,WRT0=OFF,WRT1=OFF,WRTD
                            =OFF
MPASM  5.35beta                 TRICOLOR_V2_2.ASM   2-5-2010  15:46:17         PAGE  3


LOC  OBJECT CODE     LINE SOURCE TEXT
  VALUE

                      00070         CBLOCK 0          ;Variable initializations
  00000000            00071             COLOR         ;color status register (see note 1 in header)
  00000001            00072             STATUS0       ;general status register 0 (see note 2 in header)
  00000002            00073             MSEC_CNT      ;milisecond count register (counts interrupts)
  00000003            00074             SEC_CNT       ;second count register (counts interrupts)
  00000004            00075             MIN_CNT       ;minute count register (counts interrupts)
  00000005            00076             FLASHCNT      ;flash count register (counts interrupts)
  00000006            00077             RED_LEVEL1    ;stores previous red color level
  00000007            00078             GREEN_LEVEL1  ;stores previous green color level
  00000008            00079             BLUE_LEVEL1   ;stores previous blue color level
  00000009            00080             RED_LEVEL0    ;stores current color level of red leds
  0000000A            00081             GREEN_LEVEL0  ;stores current color level of green leds
  0000000B            00082             BLUE_LEVEL0   ;stores current color level of blue leds
  0000000C            00083             RED_PWM_ACC   ;red pwm accumulator register
  0000000D            00084             GREEN_PWM_ACC ;green pwm accumulator register
  0000000E            00085             BLUE_PWM_ACC  ;blue pwm accumulator register
                      00086         ENDC
                      00087         ;color bit definitions
                      00088         #DEFINE EDITABLE   COLOR,0
                      00089         #DEFINE RED_FLAG   COLOR,1
                      00090         #DEFINE GREEN_FLAG COLOR,2
                      00091         #DEFINE BLUE_FLAG  COLOR,3
                      00092         #DEFINE COLORPB    COLOR,4
                      00093         #DEFINE PREVPB0    COLOR,5
                      00094         #DEFINE EDITPB     COLOR,6
                      00095         #DEFINE PREVPB1    COLOR,7
                      00096 
                      00097         ;status0 bit definitions
                      00098         #DEFINE PWRON    STATUS0,0
                      00099         #DEFINE FLASH    STATUS0,1
                      00100         #DEFINE INACTIVE STATUS0,2
                      00101         #DEFINE ONESEC   STATUS0,3
                      00102 
                      00103     ;I/O pin definitions
                      00104         #DEFINE COLOR_ADJUST PORTA,0
                      00105         #DEFINE BLUE_PWM LATB,0
                      00106         #DEFINE GREEN_PWM LATB,1
                      00107         #DEFINE RED_PWM LATB,2
                      00108         #DEFINE BLUE_INDICATE LATB,3
                      00109         #DEFINE GREEN_INDICATE LATB,4
                      00110         #DEFINE RED_INDICATE LATB,5
                      00111         #DEFINE COLOR_SELECT PORTC,2
                      00112         #DEFINE EDIT_SELECT PORTC,3
                      00113 
                      00114         ;Program constants
                      00115         ;Memory storage locations for red/green/blue pwm values
                      00116         #DEFINE RED_LOC 0X00
                      00117         #DEFINE GREEN_LOC 0X01
                      00118         #DEFINE BLUE_LOC 0X02
                      00119         ;Timing Constants
                      00120         #DEFINE HALFSEC D'60'
                      00121         #DEFINE SECOND D'122'
                      00122         #DEFINE MINUTE D'60'
MPASM  5.35beta                 TRICOLOR_V2_2.ASM   2-5-2010  15:46:17         PAGE  4


LOC  OBJECT CODE     LINE SOURCE TEXT
  VALUE

                      00123         #DEFINE EXPIRE 1
                      00124         ;Other Definitions
                      00125         #DEFINE FLASHVAL 0X20                   ;Flash count value
                      00126         #DEFINE SHIFT_TMR 0X3C  ;60 interrupt wait delay before entering color select mode
                      00127 
                      00128         ORG 0
000000 0E78           00129         MOVLW   B'01111000'     ;Initialize 8MHz internal clock
000002 6ED3           00130         MOVWF   OSCCON                  
000004 D???           00131         BRA     INITIALIZE      ;skip ahead to start of code (leave space for interrupt code)
                      00132 
                      00133         ORG     08H             ;starting point for interrupt code
000008                00134 TMR0_OVERFLOW   ;Timer0 overflow interrupt service routine
000008 94F2           00135         BCF             INTCON,TMR0IF   ;clear tmr0 overflow interrupt flag (prepare for next interrupt)
00000A B482           00136         BTFSC   COLOR_SELECT    ;Clear colorpb, prevpb if button is not currently pressed
00000C D???           00137         BRA     NO_COLORPB
00000E 4E02           00138         DCFSNZ  MSEC_CNT
000010 D???           00139         BRA             POWER
000012 AA00           00140         BTFSS   PREVPB0 
000014 D???           00141         BRA     SET_COLORPB
000016 9800           00142         BCF     COLORPB
000018 8A00           00143         BSF     PREVPB0
00001A D???           00144         BRA     TMR0_RETURN
00001C                00145 SET_COLORPB
00001C 8800           00146         BSF     COLORPB
00001E 8A00           00147         BSF             PREVPB0
000020 D???           00148         BRA     TMR0_RETURN
000022                00149 NO_COLORPB
000022 0E3C           00150         MOVLW   HALFSEC
000024 6E02           00151         MOVWF   MSEC_CNT
000026 9800           00152         BCF     COLORPB
000028 9A00           00153         BCF             PREVPB0
00002A D???           00154         BRA             TMR0_RETURN
                      00155 ;check_flash
                      00156 ;       btfsc   editable
                      00157 ;       goto    check_time
                      00158 ;       decf    flashcnt
                      00159 ;       bnz             check_time
                      00160 ;       movlw   flashval
                      00161 ;       movwf   flashcnt
                      00162 ;       bsf     flash
                      00163 ;       bra             tmr0_return
00002C                00164 POWER
00002C 7001           00165         BTG             PWRON           ;Toggle power on/off bit
00002E 0E3C           00166         MOVLW   HALFSEC         ;Reload msec counter for another round
000030 6E02           00167         MOVWF   MSEC_CNT
000032                00168 TMR0_RETURN
                      00169         ;Code to limit intensity of rgb indicator led in software
000032 B200           00170         BTFSC   RED_FLAG
000034 7A8A           00171         BTG             RED_INDICATE
000036 B400           00172         BTFSC   GREEN_FLAG
000038 788A           00173         BTG             GREEN_INDICATE
00003A B600           00174         BTFSC   BLUE_FLAG
00003C 768A           00175         BTG             BLUE_INDICATE
MPASM  5.35beta                 TRICOLOR_V2_2.ASM   2-5-2010  15:46:17         PAGE  5


LOC  OBJECT CODE     LINE SOURCE TEXT
  VALUE

00003E 0011           00176         RETFIE  FAST
                      00177 
000040                00178 INITIALIZE
                      00179   ;I/O Port initializations
000040 8494           00180         BSF     TRISC,2         ;initialize portc,2 and portc,3 to be used as inputs
000042 8694           00181         BSF     TRISC,3
000044 0E18           00182         MOVLW   B'00011000'     ;Turn on red indicator, blade initially off
000046 6E8A           00183         MOVWF   LATB
000048 6A93           00184         CLRF    TRISB           ;portb to be used as outputs
00004A 6892           00185         SETF    TRISA           ;use porta as inputs
                      00186   ;Interrupt initializations (TMR0 Overflow Interrupt)
00004C 0ED5           00187         MOVLW   B'11010101'     ;activate timer0 in 8-bit mode, prescale by 64
00004E 6ED5           00188         MOVWF   T0CON                   
000050 8AF2           00189         BSF     INTCON,TMR0IE   ;enable timer0 interrupts
000052 8EF2           00190         BSF     INTCON,GIE              ;enable global interrupts
                      00191   ;ADC Initializations
000054 80C2           00192         BSF     ADCON0,ADON
000056 0E0E           00193         MOVLW   0X0E
000058 6EC1           00194         MOVWF   ADCON1
                      00195   ;User Variable Initializations
00005A 0E03           00196     MOVLW       0X03
00005C 6E00           00197         MOVWF   COLOR
00005E 6A01           00198         CLRF    STATUS0
000060 0E20           00199         MOVLW   FLASHVAL
000062 6E05           00200         MOVWF   FLASHCNT
000064 0E3C           00201         MOVLW   HALFSEC         ;60 interrupts ~= .5 seconds
000066 6E02           00202         MOVWF   MSEC_CNT
000068 0E3C           00203         MOVLW   MINUTE          ;60 seconds = 1 minute
00006A 6E03           00204         MOVWF   SEC_CNT
00006C 0E01           00205         MOVLW   EXPIRE          ;set timeout to occur at 4 minutes
00006E 6E04           00206         MOVWF   MIN_CNT
                      00207 
000070 6A06           00208         CLRF    RED_LEVEL1
000072 6A07           00209         CLRF    GREEN_LEVEL1
000074 6A08           00210         CLRF    BLUE_LEVEL1
000076 6A09           00211         CLRF    RED_LEVEL0
000078 6A0A           00212         CLRF    GREEN_LEVEL0
00007A 6A0B           00213         CLRF    BLUE_LEVEL0
00007C 6A0C           00214         CLRF    RED_PWM_ACC
00007E 6A0D           00215         CLRF    GREEN_PWM_ACC
000080 6A0E           00216         CLRF    BLUE_PWM_ACC
                      00217 
000082                00218 START0          ;Main Program Loop
000082 A001           00219         BTFSS   PWRON
000084 EC?? F???      00220         CALL    POWER_DOWN
000088 B800           00221         BTFSC   COLORPB                 ;Toggle color if color select has been pressed
00008A EC?? F???      00222         CALL    TOGGLE_COLOR
00008E EC?? F???      00223         CALL    READ_COLOR_PORT ;Initiate AD conversion on color adjustor for currently selected color
                      00224 ;       btfss   editpb
000092 D???           00225         BRA     START1
                      00226 ;       btg     editable
000094 9C00           00227         BCF     EDITPB
000096                00228 START1
MPASM  5.35beta                 TRICOLOR_V2_2.ASM   2-5-2010  15:46:17         PAGE  6


LOC  OBJECT CODE     LINE SOURCE TEXT
  VALUE

                      00229 ;       btfsc   editable
000096 EC?? F???      00230         CALL    SHIFT_COLOR             ;Update selected color if color is editable
                      00231 ;       btfsc   editable
00009A EC?? F???      00232         CALL    INDICATE_COLOR  ;Indicate 
00009E B201           00233         BTFSC   FLASH
0000A0 EC?? F???      00234         CALL    FLASH_INDICATE  ;Flash color indicator if flash bit is enabled
0000A4 EC?? F???      00235         CALL    OUTPUT_PWM              ;Output blade PWM color
0000A8 D???           00236         BRA     START0  
                      00237 
                      00238 ;************************************************************************************************
                      00239 ; Subroutine: power_down
                      00240 ; Description: deactivates led lights and ADC to save power, reactivate system on button press
                      00241 ;************************************************************************************************
0000AA                00242 POWER_DOWN
                      00243 ;       bcf     editable                        ;Prevent any accidental last minute changes
0000AA C009 F006      00244         MOVFF   RED_LEVEL0, RED_LEVEL1          ;Save state of red color
0000AE C00A F007      00245         MOVFF   GREEN_LEVEL0, GREEN_LEVEL1      ;Save state of green color
0000B2 C00B F008      00246         MOVFF   BLUE_LEVEL0, BLUE_LEVEL1        ;Save state of blue color
0000B6 0E00           00247         MOVLW   0X00
0000B8 6E09           00248         MOVWF   RED_LEVEL0                      ;Shut off red led
0000BA 6E0A           00249         MOVWF   GREEN_LEVEL0                    ;Shut off green led
0000BC 6E0B           00250         MOVWF   BLUE_LEVEL0                     ;Shut off blue led
0000BE EC?? F???      00251         CALL    OUTPUT_PWM
0000C2 8A8A           00252         BSF     RED_INDICATE                    ;Shut off red indicator light
0000C4 888A           00253         BSF     GREEN_INDICATE                  ;Shut off green indicator light
0000C6 868A           00254         BSF     BLUE_INDICATE                   ;Shut off blue indicator light
0000C8 90C2           00255         BCF     ADCON0,ADON                     ;Deactivate the ADC
0000CA                00256 POWER_WAIT_LOOP
0000CA B001           00257         BTFSC   PWRON           ;Check to see if color selector was pressed
0000CC D???           00258         BRA     POWER_UP
0000CE D???           00259         BRA     POWER_WAIT_LOOP
0000D0                00260 POWER_UP
0000D0 C006 F009      00261         MOVFF   RED_LEVEL1, RED_LEVEL0          ;Reactivate red led
0000D4 C007 F00A      00262         MOVFF   GREEN_LEVEL1, GREEN_LEVEL0      ;Reactivate green led
0000D8 C008 F00B      00263         MOVFF   BLUE_LEVEL1, BLUE_LEVEL0        ;Reactivate blue led
0000DC EC?? F???      00264         CALL    OUTPUT_PWM
0000E0 EC?? F???      00265         CALL    INDICATE_COLOR                  ;Reactivate correct color
0000E4 80C2           00266         BSF     ADCON0,ADON                     ;Re-engage ADC
0000E6 0012           00267         RETURN  
                      00268 
                      00269 ;************************************************************************************************
                      00270 ; Subroutine: indicate_color
                      00271 ; Description: If color is editable, lights up appropriate color indicator (used to prevent output glitc
                            h)
                      00272 ;************************************************************************************************
0000E8                00273 INDICATE_COLOR
0000E8 B200           00274         BTFSC   RED_FLAG
0000EA 9A8A           00275         BCF     RED_INDICATE
0000EC B400           00276         BTFSC   GREEN_FLAG
0000EE 988A           00277         BCF     GREEN_INDICATE
0000F0 B600           00278         BTFSC   BLUE_FLAG
0000F2 968A           00279         BCF     BLUE_INDICATE
0000F4 0012           00280         RETURN
MPASM  5.35beta                 TRICOLOR_V2_2.ASM   2-5-2010  15:46:17         PAGE  7


LOC  OBJECT CODE     LINE SOURCE TEXT
  VALUE

                      00281 
                      00282 ;************************************************************************************************
                      00283 ; Subroutine: toggle_color
                      00284 ; Description: looks at the current color state and goes to the next color state (sets flags and
                      00285 ;       indicator LED accordingly) (Red -> Green -> Blue -> Lock) (if lock is reached, color select goes
                      00286 ;       back to red)
                      00287 ;************************************************************************************************
0000F6                00288 TOGGLE_COLOR
0000F6 B200           00289         BTFSC   RED_FLAG
0000F8 D???           00290         BRA     SELECT_GREEN
0000FA B400           00291         BTFSC   GREEN_FLAG
0000FC D???           00292         BRA     SELECT_BLUE
0000FE B600           00293         BTFSC   BLUE_FLAG
000100 D???           00294         BRA     SELECT_LOCK
000102 D???           00295         BRA     SELECT_RED
000104                00296 END_TOGGLE
                      00297 ;       call    reset_counter
000104 9800           00298         BCF     COLORPB
000106 0012           00299         RETURN
                      00300 
000108                00301 SELECT_RED
000108 8200           00302         BSF     RED_FLAG
00010A 9A8A           00303         BCF     RED_INDICATE
00010C D???           00304         BRA     END_TOGGLE
00010E                00305 SELECT_GREEN
00010E 9200           00306         BCF     RED_FLAG
000110 8400           00307         BSF     GREEN_FLAG
000112 8A8A           00308         BSF     RED_INDICATE
000114 988A           00309         BCF     GREEN_INDICATE
000116 D???           00310         BRA     END_TOGGLE
000118                00311 SELECT_BLUE
000118 9400           00312         BCF     GREEN_FLAG
00011A 8600           00313         BSF     BLUE_FLAG
00011C 888A           00314         BSF     GREEN_INDICATE
00011E 968A           00315         BCF     BLUE_INDICATE
000120 D???           00316         BRA     END_TOGGLE
000122                00317 SELECT_LOCK
000122 9600           00318         BCF     BLUE_FLAG
000124 868A           00319         BSF     BLUE_INDICATE
000126 D???           00320         BRA     END_TOGGLE
                      00321         
                      00322 ;*******************************************************************************************
                      00323 ; Subroutine: read_color_port
                      00324 ; Description: Initiates A/D conversions on the currently selected color port
                      00325 ;*******************************************************************************************
000128                00326 READ_COLOR_PORT
000128 82C2           00327         BSF     ADCON0,GO_DONE          ;Initiate A/D Conversion on color_adjust pin
00012A                00328 ADC_WAIT_LOOP
00012A B2C2           00329         BTFSC   ADCON0,GO_DONE  ;Wait until A/D Conversion finishes
00012C D???           00330         BRA     ADC_WAIT_LOOP
00012E                00331 ADC_STORE
00012E B200           00332         BTFSC   RED_FLAG
000130 D???           00333         BRA     STORE_RED
MPASM  5.35beta                 TRICOLOR_V2_2.ASM   2-5-2010  15:46:17         PAGE  8


LOC  OBJECT CODE     LINE SOURCE TEXT
  VALUE

000132 B400           00334         BTFSC   GREEN_FLAG
000134 D???           00335         BRA     STORE_GREEN
000136 B600           00336         BTFSC   BLUE_FLAG
000138 D???           00337         BRA     STORE_BLUE
00013A                00338 ADC_RETURN      
00013A 0012           00339         RETURN
                      00340 
00013C                00341 STORE_RED       
00013C CFC4 F006      00342         MOVFF   ADRESH,RED_LEVEL1
000140 D???           00343         BRA     ADC_RETURN
000142                00344 STORE_GREEN
000142 CFC4 F007      00345         MOVFF   ADRESH,GREEN_LEVEL1
000146 D???           00346         BRA     ADC_RETURN
000148                00347 STORE_BLUE
000148 CFC4 F008      00348         MOVFF   ADRESH,BLUE_LEVEL1
00014C D???           00349         BRA     ADC_RETURN
                      00350 
                      00351 ;***********************************************************************************************
                      00352 ; Subroutine: shift_color
                      00353 ; Description: If color is editable, shifts color to level0 variable to be output via PWM
                      00354 ;***********************************************************************************************
00014E                00355 SHIFT_COLOR
00014E B200           00356         BTFSC   RED_FLAG
000150 C006 F009      00357         MOVFF   RED_LEVEL1,RED_LEVEL0
000154 B400           00358         BTFSC   GREEN_FLAG
000156 C007 F00A      00359         MOVFF   GREEN_LEVEL1,GREEN_LEVEL0
00015A B600           00360         BTFSC   BLUE_FLAG
00015C C008 F00B      00361         MOVFF   BLUE_LEVEL1,BLUE_LEVEL0
000160                00362 SHIFT_RETURN
000160 0012           00363         RETURN
                      00364 
                      00365 ;***********************************************************************************************
                      00366 ; Subroutine: flash_indicate
                      00367 ; Description: Flash LED Indicator if selected color is editable
                      00368 ;***********************************************************************************************
000162                00369 FLASH_INDICATE
000162 9201           00370         BCF     FLASH
000164 0E20           00371         MOVLW   FLASHVAL
000166 6E05           00372         MOVWF   FLASHCNT
000168 B200           00373         BTFSC   RED_FLAG
00016A 7A8A           00374         BTG     RED_INDICATE
00016C B400           00375         BTFSC   GREEN_FLAG
00016E 788A           00376         BTG     GREEN_INDICATE
000170 B600           00377         BTFSC   BLUE_FLAG
000172 768A           00378         BTG     BLUE_INDICATE
000174 0012           00379         RETURN
                      00380 
                      00381 ;***********************************************************************************************
                      00382 ; Subroutine: output_pwm
                      00383 ; Description: Software pwm routine for tricolor lightsaber
                      00384 ;***********************************************************************************************
000176                00385 OUTPUT_PWM
000176 5009           00386         MOVF    RED_LEVEL0,W
MPASM  5.35beta                 TRICOLOR_V2_2.ASM   2-5-2010  15:46:17         PAGE  9


LOC  OBJECT CODE     LINE SOURCE TEXT
  VALUE

000178 260C           00387         ADDWF   RED_PWM_ACC,F
00017A E2??           00388         BC      OUTPUT_RED
00017C 948A           00389         BCF     RED_PWM                         ;ERROR: shuts off red_indicator as well as red_pwm
00017E                00390 TEST_GREEN
00017E 500A           00391         MOVF    GREEN_LEVEL0,W
000180 260D           00392         ADDWF   GREEN_PWM_ACC,F
000182 E2??           00393         BC      OUTPUT_GREEN
000184 928A           00394         BCF     GREEN_PWM
000186                00395 TEST_BLUE
000186 500B           00396         MOVF    BLUE_LEVEL0,W
000188 260E           00397         ADDWF   BLUE_PWM_ACC,F
00018A E2??           00398         BC      OUTPUT_BLUE
00018C 908A           00399         BCF     BLUE_PWM
00018E                00400 OUTPUT_RETURN
00018E 0012           00401         RETURN
                      00402 
000190                00403 OUTPUT_RED
000190 848A           00404         BSF     RED_PWM
000192 D???           00405         BRA     TEST_GREEN
000194                00406 OUTPUT_GREEN
000194 828A           00407         BSF     GREEN_PWM
000196 D???           00408         BRA     TEST_BLUE
000198                00409 OUTPUT_BLUE
000198 808A           00410         BSF     BLUE_PWM
00019A D???           00411         BRA     OUTPUT_RETURN
                      00412 
                      00413         END 
MPASM  5.35beta                 TRICOLOR_V2_2.ASM   2-5-2010  15:46:17         PAGE 10


SYMBOL TABLE
  LABEL                             VALUE 

A                                 00000000
ABDEN                             00000000
ABDOVF                            00000007
ACCESS                            00000000
ACKDT                             00000005
ACKEN                             00000004
ACKSTAT                           00000006
ACQT0                             00000003
ACQT1                             00000004
ACQT2                             00000005
ADCON0                            00000FC2
ADCON1                            00000FC1
ADCON2                            00000FC0
ADCS0                             00000000
ADCS1                             00000001
ADCS2                             00000002
ADC_RETURN                        0000013A
ADC_STORE                         0000012E
ADC_WAIT_LOOP                     0000012A
ADDEN                             00000003
ADEN                              00000003
ADFM                              00000007
ADIE                              00000006
ADIF                              00000006
ADIP                              00000006
ADMSK1                            00000001
ADMSK2                            00000002
ADMSK3                            00000003
ADMSK4                            00000004
ADMSK5                            00000005
ADON                              00000000
ADRES                             00000FC3
ADRESH                            00000FC4
ADRESL                            00000FC3
AN0                               00000000
AN1                               00000001
AN10                              00000001
AN11                              00000004
AN12                              00000000
AN2                               00000002
AN3                               00000003
AN4                               00000005
AN8                               00000002
AN9                               00000003
BANKED                            00000001
BAUDCON                           00000FB8
BAUDCTL                           00000FB8
BCLIE                             00000003
BCLIF                             00000003
BCLIP                             00000003
BF                                00000000
BGST                              00000005
BLUE_FLAG                         COLOR,3
MPASM  5.35beta                 TRICOLOR_V2_2.ASM   2-5-2010  15:46:17         PAGE 11


SYMBOL TABLE
  LABEL                             VALUE 

BLUE_INDICATE                     LATB,3
BLUE_LEVEL0                       0000000B
BLUE_LEVEL1                       00000008
BLUE_LOC                          0X02
BLUE_PWM                          LATB,0
BLUE_PWM_ACC                      0000000E
BOR                               00000000
BRG16                             00000003
BRGH                              00000002
BSR                               00000FE0
C                                 00000000
C1INV                             00000004
C1N                               00000000
C1OUT_CMCON                       00000006
C1OUT_PORTA                       00000004
C1P                               00000003
C2INV                             00000005
C2N                               00000001
C2OUT_CMCON                       00000007
C2OUT_PORTA                       00000005
C2P                               00000002
CCP1                              00000002
CCP1CON                           00000FBD
CCP1IE                            00000002
CCP1IF                            00000002
CCP1IP                            00000002
CCP1M0                            00000000
CCP1M1                            00000001
CCP1M2                            00000002
CCP1M3                            00000003
CCP1X                             00000005
CCP1Y                             00000004
CCP2CON                           00000FBA
CCP2IE                            00000000
CCP2IF                            00000000
CCP2IP                            00000000
CCP2M0                            00000000
CCP2M1                            00000001
CCP2M2                            00000002
CCP2M3                            00000003
CCP2X                             00000005
CCP2Y                             00000004
CCP2_PORTB                        00000003
CCP2_PORTC                        00000001
CCPR1                             00000FBE
CCPR1H                            00000FBF
CCPR1L                            00000FBE
CCPR2                             00000FBB
CCPR2H                            00000FBC
CCPR2L                            00000FBB
CFGS                              00000006
CHS0                              00000002
CHS1                              00000003
MPASM  5.35beta                 TRICOLOR_V2_2.ASM   2-5-2010  15:46:17         PAGE 12


SYMBOL TABLE
  LABEL                             VALUE 

CHS2                              00000004
CHS3                              00000005
CIS                               00000003
CK                                00000006
CKE                               00000006
CKP                               00000004
CLKI                              00000007
CLKO                              00000006
CM0                               00000000
CM1                               00000001
CM2                               00000002
CMCON                             00000FB4
CMIE                              00000006
CMIF                              00000006
CMIP                              00000006
COLOR                             00000000
COLORPB                           COLOR,4
COLOR_ADJUST                      PORTA,0
COLOR_SELECT                      PORTC,2
CREN                              00000004
CSRC                              00000007
CVR0                              00000000
CVR1                              00000001
CVR2                              00000002
CVR3                              00000003
CVRCON                            00000FB5
CVREF                             00000002
CVREN                             00000007
CVROE                             00000006
CVRR                              00000005
CVRSS                             00000004
D                                 00000005
DC                                00000001
DC1B0                             00000004
DC1B1                             00000005
DC2B0                             00000004
DC2B1                             00000005
DDRA                              TRISA
DDRB                              TRISB
DDRC                              TRISC
DDRD                              TRISD
DDRE                              TRISE
DONE                              00000001
D_A                               00000005
ECCP1AS                           00000FB6
ECCP1DEL                          00000FB7
ECCPAS0                           00000004
ECCPAS1                           00000005
ECCPAS2                           00000006
ECCPASE                           00000007
EDITABLE                          COLOR,0
EDITPB                            COLOR,6
EDIT_SELECT                       PORTC,3
MPASM  5.35beta                 TRICOLOR_V2_2.ASM   2-5-2010  15:46:17         PAGE 13


SYMBOL TABLE
  LABEL                             VALUE 

EEADR                             00000FA9
EECON1                            00000FA6
EECON2                            00000FA7
EEDATA                            00000FA8
EEIE                              00000004
EEIF                              00000004
EEIP                              00000004
EEPGD                             00000007
END_TOGGLE                        00000104
EXPIRE                            1
FAST                              00000001
FERR                              00000002
FLASH                             STATUS0,1
FLASHCNT                          00000005
FLASHVAL                          0X20
FLASH_INDICATE                    00000162
FLT0                              00000000
FLTS                              00000002
FREE                              00000004
FSR0                              00000000
FSR0H                             00000FEA
FSR0L                             00000FE9
FSR1                              00000001
FSR1H                             00000FE2
FSR1L                             00000FE1
FSR2                              00000002
FSR2H                             00000FDA
FSR2L                             00000FD9
GCEN                              00000007
GIE                               00000007
GIEH                              00000007
GIEL                              00000006
GO                                00000001
GO_DONE                           00000001
GREEN_FLAG                        COLOR,2
GREEN_INDICATE                    LATB,4
GREEN_LEVEL0                      0000000A
GREEN_LEVEL1                      00000007
GREEN_LOC                         0X01
GREEN_PWM                         LATB,1
GREEN_PWM_ACC                     0000000D
HALFSEC                           D'60'
HLVDCON                           00000FD2
HLVDEN                            00000004
HLVDIE                            00000002
HLVDIF                            00000002
HLVDIN                            00000005
HLVDIP                            00000002
HLVDL0                            00000000
HLVDL1                            00000001
HLVDL2                            00000002
HLVDL3                            00000003
IDLEN                             00000007
MPASM  5.35beta                 TRICOLOR_V2_2.ASM   2-5-2010  15:46:17         PAGE 14


SYMBOL TABLE
  LABEL                             VALUE 

INACTIVE                          STATUS0,2
INDF0                             00000FEF
INDF1                             00000FE7
INDF2                             00000FDF
INDICATE_COLOR                    000000E8
INITIALIZE                        00000040
INT0                              00000000
INT0IE                            00000004
INT0IF                            00000001
INT1                              00000001
INT1E                             00000003
INT1F                             00000000
INT1IE                            00000003
INT1IF                            00000000
INT1IP                            00000006
INT1P                             00000006
INT2                              00000002
INT2E                             00000004
INT2F                             00000001
INT2IE                            00000004
INT2IF                            00000001
INT2IP                            00000007
INT2P                             00000007
INTCON                            00000FF2
INTCON2                           00000FF1
INTCON3                           00000FF0
INTEDG0                           00000006
INTEDG1                           00000005
INTEDG2                           00000004
INTSRC                            00000007
IOFS                              00000002
IPEN                              00000007
IPR1                              00000F9F
IPR2                              00000FA2
IRCF0                             00000004
IRCF1                             00000005
IRCF2                             00000006
IRVST                             00000005
KBI0                              00000004
KBI1                              00000005
KBI2                              00000006
KBI3                              00000007
LATA                              00000F89
LATA0                             00000000
LATA1                             00000001
LATA2                             00000002
LATA3                             00000003
LATA4                             00000004
LATA5                             00000005
LATA6                             00000006
LATA7                             00000007
LATB                              00000F8A
LATB0                             00000000
MPASM  5.35beta                 TRICOLOR_V2_2.ASM   2-5-2010  15:46:17         PAGE 15


SYMBOL TABLE
  LABEL                             VALUE 

LATB1                             00000001
LATB2                             00000002
LATB3                             00000003
LATB4                             00000004
LATB5                             00000005
LATB6                             00000006
LATB7                             00000007
LATC                              00000F8B
LATC0                             00000000
LATC1                             00000001
LATC2                             00000002
LATC3                             00000003
LATC4                             00000004
LATC5                             00000005
LATC6                             00000006
LATC7                             00000007
LVDCON                            00000FD2
LVDEN                             00000004
LVDIE                             00000002
LVDIF                             00000002
LVDIP                             00000002
LVDL0                             00000000
LVDL1                             00000001
LVDL2                             00000002
LVDL3                             00000003
LVV0                              00000000
LVV1                              00000001
LVV2                              00000002
LVV3                              00000003
MCLR                              00000003
MINUTE                            D'60'
MIN_CNT                           00000004
MSEC_CNT                          00000002
N                                 00000004
NOT_A                             00000005
NOT_ADDRESS                       00000005
NOT_BOR                           00000000
NOT_DONE                          00000001
NOT_MCLR                          00000003
NOT_PD                            00000002
NOT_POR                           00000001
NOT_RBPU                          00000007
NOT_RI                            00000004
NOT_SS                            00000005
NOT_T1SYNC                        00000002
NOT_T3SYNC                        00000002
NOT_TO                            00000003
NOT_W                             00000002
NOT_WRITE                         00000002
NO_COLORPB                        00000022
OERR                              00000001
ONESEC                            STATUS0,3
OSC1                              00000007
MPASM  5.35beta                 TRICOLOR_V2_2.ASM   2-5-2010  15:46:17         PAGE 16


SYMBOL TABLE
  LABEL                             VALUE 

OSC2                              00000006
OSCCON                            00000FD3
OSCFIE                            00000007
OSCFIF                            00000007
OSCFIP                            00000007
OSCTUNE                           00000F9B
OSTS                              00000003
OUTPUT_BLUE                       00000198
OUTPUT_GREEN                      00000194
OUTPUT_PWM                        00000176
OUTPUT_RED                        00000190
OUTPUT_RETURN                     0000018E
OV                                00000003
P                                 00000004
P1A                               00000002
P1M0                              00000006
P1M1                              00000007
PC                                00000FF9
PCFG0                             00000000
PCFG1                             00000001
PCFG2                             00000002
PCFG3                             00000003
PCL                               00000FF9
PCLATH                            00000FFA
PCLATU                            00000FFB
PD                                00000002
PEIE                              00000006
PEN                               00000002
PGC                               00000006
PGD                               00000007
PGM                               00000005
PIE1                              00000F9D
PIE2                              00000FA0
PIR1                              00000F9E
PIR2                              00000FA1
PLLEN                             00000006
PLUSW0                            00000FEB
PLUSW1                            00000FE3
PLUSW2                            00000FDB
POR                               00000001
PORTA                             00000F80
PORTB                             00000F81
PORTC                             00000F82
PORTE                             00000F84
POSTDEC0                          00000FED
POSTDEC1                          00000FE5
POSTDEC2                          00000FDD
POSTINC0                          00000FEE
POSTINC1                          00000FE6
POSTINC2                          00000FDE
POWER                             0000002C
POWER_DOWN                        000000AA
POWER_UP                          000000D0
MPASM  5.35beta                 TRICOLOR_V2_2.ASM   2-5-2010  15:46:17         PAGE 17


SYMBOL TABLE
  LABEL                             VALUE 

POWER_WAIT_LOOP                   000000CA
PR2                               00000FCB
PREINC0                           00000FEC
PREINC1                           00000FE4
PREINC2                           00000FDC
PREVPB0                           COLOR,5
PREVPB1                           COLOR,7
PROD                              00000FF3
PRODH                             00000FF4
PRODL                             00000FF3
PRSEN                             00000007
PSA                               00000003
PSSAC0                            00000002
PSSAC1                            00000003
PWM1CON                           00000FB7
PWRON                             STATUS0,0
R                                 00000002
RA0                               00000000
RA1                               00000001
RA2                               00000002
RA3                               00000003
RA4                               00000004
RA5                               00000005
RA6                               00000006
RA7                               00000007
RB0                               00000000
RB1                               00000001
RB2                               00000002
RB3                               00000003
RB4                               00000004
RB5                               00000005
RB6                               00000006
RB7                               00000007
RBIE                              00000003
RBIF                              00000000
RBIP                              00000000
RBPU                              00000007
RC0                               00000000
RC1                               00000001
RC2                               00000002
RC3                               00000003
RC4                               00000004
RC5                               00000005
RC6                               00000006
RC7                               00000007
RCEN                              00000003
RCIDL                             00000006
RCIE                              00000005
RCIF                              00000005
RCIP                              00000005
RCMT                              00000006
RCON                              00000FD0
RCREG                             00000FAE
MPASM  5.35beta                 TRICOLOR_V2_2.ASM   2-5-2010  15:46:17         PAGE 18


SYMBOL TABLE
  LABEL                             VALUE 

RCSTA                             00000FAB
RD                                00000000
RD16                              00000007
RE3                               00000003
READ_COLOR_PORT                   00000128
RED_FLAG                          COLOR,1
RED_INDICATE                      LATB,5
RED_LEVEL0                        00000009
RED_LEVEL1                        00000006
RED_LOC                           0X00
RED_PWM                           LATB,2
RED_PWM_ACC                       0000000C
RI                                00000004
RSEN                              00000001
RX                                00000007
RX9                               00000006
RX9D                              00000000
RXDTP                             00000005
R_W                               00000002
S                                 00000003
SBOREN                            00000006
SCK                               00000003
SCKP                              00000004
SCL                               00000003
SCS0                              00000000
SCS1                              00000001
SDA                               00000004
SDI                               00000004
SDO                               00000005
SECOND                            D'122'
SEC_CNT                           00000003
SELECT_BLUE                       00000118
SELECT_GREEN                      0000010E
SELECT_LOCK                       00000122
SELECT_RED                        00000108
SEN                               00000000
SENDB                             00000003
SET_COLORPB                       0000001C
SHIFT_COLOR                       0000014E
SHIFT_RETURN                      00000160
SHIFT_TMR                         0X3C
SMP                               00000007
SP0                               00000000
SP1                               00000001
SP2                               00000002
SP3                               00000003
SP4                               00000004
SPBRG                             00000FAF
SPBRGH                            00000FB0
SPEN                              00000007
SREN                              00000005
SSPADD                            00000FC8
SSPBUF                            00000FC9
MPASM  5.35beta                 TRICOLOR_V2_2.ASM   2-5-2010  15:46:17         PAGE 19


SYMBOL TABLE
  LABEL                             VALUE 

SSPCON1                           00000FC6
SSPCON2                           00000FC5
SSPEN                             00000005
SSPIE                             00000003
SSPIF                             00000003
SSPIP                             00000003
SSPM0                             00000000
SSPM1                             00000001
SSPM2                             00000002
SSPM3                             00000003
SSPOV                             00000006
SSPSTAT                           00000FC7
START0                            00000082
START1                            00000096
STATUS                            00000FD8
STATUS0                           00000001
STKFUL                            00000007
STKOVF                            00000007
STKPTR                            00000FFC
STKUNF                            00000006
STORE_BLUE                        00000148
STORE_GREEN                       00000142
STORE_RED                         0000013C
SWDTE                             00000000
SWDTEN                            00000000
SYNC                              00000004
T016BIT                           00000006
T08BIT                            00000006
T0CKI                             00000004
T0CON                             00000FD5
T0CS                              00000005
T0IE                              00000005
T0IF                              00000002
T0PS0                             00000000
T0PS1                             00000001
T0PS2                             00000002
T0SE                              00000004
T13CKI                            00000000
T1CKI                             00000000
T1CKPS0                           00000004
T1CKPS1                           00000005
T1CON                             00000FCD
T1OSCEN                           00000003
T1OSI                             00000001
T1OSO                             00000000
T1RUN                             00000006
T1SYNC                            00000002
T2CKPS0                           00000000
T2CKPS1                           00000001
T2CON                             00000FCA
T2OUTPS0                          00000003
T2OUTPS1                          00000004
T2OUTPS2                          00000005
MPASM  5.35beta                 TRICOLOR_V2_2.ASM   2-5-2010  15:46:17         PAGE 20


SYMBOL TABLE
  LABEL                             VALUE 

T2OUTPS3                          00000006
T3CCP1                            00000003
T3CCP2                            00000006
T3CKPS0                           00000004
T3CKPS1                           00000005
T3CON                             00000FB1
T3SYNC                            00000002
TABLAT                            00000FF5
TBLPTR                            00000FF6
TBLPTRH                           00000FF7
TBLPTRL                           00000FF6
TBLPTRU                           00000FF8
TEST_BLUE                         00000186
TEST_GREEN                        0000017E
TMR0H                             00000FD7
TMR0IE                            00000005
TMR0IF                            00000002
TMR0IP                            00000002
TMR0L                             00000FD6
TMR0ON                            00000007
TMR0_OVERFLOW                     00000008
TMR0_RETURN                       00000032
TMR1CS                            00000001
TMR1H                             00000FCF
TMR1IE                            00000000
TMR1IF                            00000000
TMR1IP                            00000000
TMR1L                             00000FCE
TMR1ON                            00000000
TMR2                              00000FCC
TMR2IE                            00000001
TMR2IF                            00000001
TMR2IP                            00000001
TMR2ON                            00000002
TMR3CS                            00000001
TMR3H                             00000FB3
TMR3IE                            00000001
TMR3IF                            00000001
TMR3IP                            00000001
TMR3L                             00000FB2
TMR3ON                            00000000
TO                                00000003
TOGGLE_COLOR                      000000F6
TOS                               00000FFD
TOSH                              00000FFE
TOSL                              00000FFD
TOSU                              00000FFF
TOUTPS0                           00000003
TOUTPS1                           00000004
TOUTPS2                           00000005
TOUTPS3                           00000006
TRISA                             00000F92
TRISA0                            00000000
MPASM  5.35beta                 TRICOLOR_V2_2.ASM   2-5-2010  15:46:17         PAGE 21


SYMBOL TABLE
  LABEL                             VALUE 

TRISA1                            00000001
TRISA2                            00000002
TRISA3                            00000003
TRISA4                            00000004
TRISA5                            00000005
TRISA6                            00000006
TRISA7                            00000007
TRISB                             00000F93
TRISB0                            00000000
TRISB1                            00000001
TRISB2                            00000002
TRISB3                            00000003
TRISB4                            00000004
TRISB5                            00000005
TRISB6                            00000006
TRISB7                            00000007
TRISC                             00000F94
TRISC0                            00000000
TRISC1                            00000001
TRISC2                            00000002
TRISC3                            00000003
TRISC4                            00000004
TRISC5                            00000005
TRISC6                            00000006
TRISC7                            00000007
TRMT                              00000001
TUN0                              00000000
TUN1                              00000001
TUN2                              00000002
TUN3                              00000003
TUN4                              00000004
TX                                00000006
TX9                               00000006
TX9D                              00000000
TXCKP                             00000004
TXEN                              00000005
TXIE                              00000004
TXIF                              00000004
TXIP                              00000004
TXREG                             00000FAD
TXSTA                             00000FAC
UA                                00000001
VCFG0                             00000004
VCFG1                             00000005
VDIRMAG                           00000007
VPP                               00000003
VREFM                             00000002
VREFP                             00000003
W                                 00000000
WCOL                              00000007
WDTCON                            00000FD1
WR                                00000001
WREG                              00000FE8
MPASM  5.35beta                 TRICOLOR_V2_2.ASM   2-5-2010  15:46:17         PAGE 22


SYMBOL TABLE
  LABEL                             VALUE 

WREN                              00000002
WRERR                             00000003
WUE                               00000001
Z                                 00000002
_BBSIZ_BB256_4L                   000000CF
_BBSIZ_BB512_4L                   000000FF
_BORV_0_2L                        000000E7
_BORV_1_2L                        000000EF
_BORV_2_2L                        000000F7
_BORV_3_2L                        000000FF
_BOR_NOSLP_2L                     000000FD
_BOR_OFF_2L                       000000F9
_BOR_ON_2L                        000000FF
_BOR_SOFT_2L                      000000FB
_CCP2MX_RB3_3H                    000000FE
_CCP2MX_RC1_3H                    000000FF
_CONFIG1H                         00300001
_CONFIG2H                         00300003
_CONFIG2L                         00300002
_CONFIG3H                         00300005
_CONFIG4L                         00300006
_CONFIG5H                         00300009
_CONFIG5L                         00300008
_CONFIG6H                         0030000B
_CONFIG6L                         0030000A
_CONFIG7H                         0030000D
_CONFIG7L                         0030000C
_CP0_OFF_5L                       000000FF
_CP0_ON_5L                        000000FE
_CP1_OFF_5L                       000000FF
_CP1_ON_5L                        000000FD
_CPB_OFF_5H                       000000FF
_CPB_ON_5H                        000000BF
_CPD_OFF_5H                       000000FF
_CPD_ON_5H                        0000007F
_DEBUG_OFF_4L                     000000FF
_DEBUG_ON_4L                      0000007F
_DEVID1                           003FFFFE
_DEVID2                           003FFFFF
_EBTR0_OFF_7L                     000000FF
_EBTR0_ON_7L                      000000FE
_EBTR1_OFF_7L                     000000FF
_EBTR1_ON_7L                      000000FD
_EBTRB_OFF_7H                     000000FF
_EBTRB_ON_7H                      000000BF
_FCMEN_OFF_1H                     000000BF
_FCMEN_ON_1H                      000000FF
_IDLOC0                           00200000
_IDLOC1                           00200001
_IDLOC2                           00200002
_IDLOC3                           00200003
_IDLOC4                           00200004
_IDLOC5                           00200005
MPASM  5.35beta                 TRICOLOR_V2_2.ASM   2-5-2010  15:46:17         PAGE 23


SYMBOL TABLE
  LABEL                             VALUE 

_IDLOC6                           00200006
_IDLOC7                           00200007
_IESO_OFF_1H                      0000007F
_IESO_ON_1H                       000000FF
_LPT1OSC_OFF_3H                   000000FB
_LPT1OSC_ON_3H                    000000FF
_LVP_OFF_4L                       000000FB
_LVP_ON_4L                        000000FF
_MCLRE_OFF_3H                     0000007F
_MCLRE_ON_3H                      000000FF
_OSC_ECIO_1H                      000000F5
_OSC_EC_1H                        000000F4
_OSC_HSPLL_1H                     000000F6
_OSC_HS_1H                        000000F2
_OSC_INTIO1_1H                    000000F9
_OSC_INTIO2_1H                    000000F8
_OSC_LP_1H                        000000F0
_OSC_RCIO_1H                      000000F7
_OSC_RC_1H                        000000F3
_OSC_XT_1H                        000000F1
_PBADEN_ANA_3H                    000000FF
_PBADEN_DIG_3H                    000000FD
_PWRT_OFF_2L                      000000FF
_PWRT_ON_2L                       000000FE
_STVREN_OFF_4L                    000000FE
_STVREN_ON_4L                     000000FF
_WDTPS_1024_2H                    000000F5
_WDTPS_128_2H                     000000EF
_WDTPS_16384_2H                   000000FD
_WDTPS_16_2H                      000000E9
_WDTPS_1_2H                       000000E1
_WDTPS_2048_2H                    000000F7
_WDTPS_256_2H                     000000F1
_WDTPS_2_2H                       000000E3
_WDTPS_32768_2H                   000000FF
_WDTPS_32_2H                      000000EB
_WDTPS_4096_2H                    000000F9
_WDTPS_4_2H                       000000E5
_WDTPS_512_2H                     000000F3
_WDTPS_64_2H                      000000ED
_WDTPS_8192_2H                    000000FB
_WDTPS_8_2H                       000000E7
_WDT_OFF_2H                       000000FE
_WDT_ON_2H                        000000FF
_WRT0_OFF_6L                      000000FF
_WRT0_ON_6L                       000000FE
_WRT1_OFF_6L                      000000FF
_WRT1_ON_6L                       000000FD
_WRTB_OFF_6H                      000000FF
_WRTB_ON_6H                       000000BF
_WRTC_OFF_6H                      000000FF
_WRTC_ON_6H                       000000DF
_WRTD_OFF_6H                      000000FF
MPASM  5.35beta                 TRICOLOR_V2_2.ASM   2-5-2010  15:46:17         PAGE 24


SYMBOL TABLE
  LABEL                             VALUE 

_WRTD_ON_6H                       0000007F
_XINST_OFF_4L                     000000BF
_XINST_ON_4L                      000000FF
__18F2221                         00000001

Errors   :     0
Warnings :     1 reported,     0 suppressed
Messages :     0 reported,     0 suppressed

